
> shadowcheck@1.0.0 dev:server
> tsx watch server/index.ts

2:05:58 PM [express] serving on port 5000
2:05:58 PM [express] Environment: development
2:05:58 PM [express] Health endpoints available at:
2:05:58 PM [express]   - GET /api/v1/health (liveness)
2:05:58 PM [express]   - GET /api/v1/health/ready (readiness)
2:05:58 PM [express]   - GET /api/v1/health/detailed (full diagnostics)
2:05:58 PM [express]   - GET /api/v1/health/metrics (prometheus metrics)
[/api/v1/networks] error: Error: read ECONNRESET
    at /home/nunya/shadowcheck/node_modules/pg-pool/index.js:45:11
    at process.processTicksAndRejections (node:internal/process/task_queues:105:5)
    at async <anonymous> (/home/nunya/shadowcheck/server/index.ts:136:22) {
  errno: -104,
  code: 'ECONNRESET',
  syscall: 'read'
}
[/api/v1/networks] error: Error: read ECONNRESET
    at /home/nunya/shadowcheck/node_modules/pg-pool/index.js:45:11
    at process.processTicksAndRejections (node:internal/process/task_queues:105:5)
    at async <anonymous> (/home/nunya/shadowcheck/server/index.ts:136:22) {
  errno: -104,
  code: 'ECONNRESET',
  syscall: 'read'
}
[/api/v1/timeline] error: Error: read ECONNRESET
    at /home/nunya/shadowcheck/node_modules/pg-pool/index.js:45:11
    at process.processTicksAndRejections (node:internal/process/task_queues:105:5)
    at async <anonymous> (/home/nunya/shadowcheck/server/index.ts:348:20) {
  errno: -104,
  code: 'ECONNRESET',
  syscall: 'read'
}
[/api/v1/networks] error: Error: read ECONNRESET
    at /home/nunya/shadowcheck/node_modules/pg-pool/index.js:45:11
    at process.processTicksAndRejections (node:internal/process/task_queues:105:5)
    at async <anonymous> (/home/nunya/shadowcheck/server/index.ts:136:22) {
  errno: -104,
  code: 'ECONNRESET',
  syscall: 'read'
}
[/api/v1/security-analysis] error: Error: read ECONNRESET
    at /home/nunya/shadowcheck/node_modules/pg-pool/index.js:45:11
    at process.processTicksAndRejections (node:internal/process/task_queues:105:5)
    at async <anonymous> (/home/nunya/shadowcheck/server/index.ts:293:20) {
  errno: -104,
  code: 'ECONNRESET',
  syscall: 'read'
}
[/api/v1/signal-strength] error: Error: read ECONNRESET
    at /home/nunya/shadowcheck/node_modules/pg-pool/index.js:45:11
    at process.processTicksAndRejections (node:internal/process/task_queues:105:5)
    at async <anonymous> (/home/nunya/shadowcheck/server/index.ts:237:20) {
  errno: -104,
  code: 'ECONNRESET',
  syscall: 'read'
}
[/api/v1/analytics] error: Error: read ECONNRESET
    at /home/nunya/shadowcheck/node_modules/pg-pool/index.js:45:11
    at process.processTicksAndRejections (node:internal/process/task_queues:105:5)
    at async <anonymous> (/home/nunya/shadowcheck/server/index.ts:182:20) {
  errno: -104,
  code: 'ECONNRESET',
  syscall: 'read'
}
[/api/v1/radio-stats] error: Error: read ECONNRESET
    at /home/nunya/shadowcheck/node_modules/pg-pool/index.js:45:11
    at process.processTicksAndRejections (node:internal/process/task_queues:105:5)
    at async <anonymous> (/home/nunya/shadowcheck/server/index.ts:399:24) {
  errno: -104,
  code: 'ECONNRESET',
  syscall: 'read'
}
[/api/v1/timeline] error: Error: read ECONNRESET
    at /home/nunya/shadowcheck/node_modules/pg-pool/index.js:45:11
    at process.processTicksAndRejections (node:internal/process/task_queues:105:5)
    at async <anonymous> (/home/nunya/shadowcheck/server/index.ts:348:20) {
  errno: -104,
  code: 'ECONNRESET',
  syscall: 'read'
}
[/api/v1/signal-strength] error: Error: read ECONNRESET
    at /home/nunya/shadowcheck/node_modules/pg-pool/index.js:45:11
    at process.processTicksAndRejections (node:internal/process/task_queues:105:5)
    at async <anonymous> (/home/nunya/shadowcheck/server/index.ts:237:20) {
  errno: -104,
  code: 'ECONNRESET',
  syscall: 'read'
}
[/api/v1/security-analysis] error: Error: read ECONNRESET
    at /home/nunya/shadowcheck/node_modules/pg-pool/index.js:45:11
    at process.processTicksAndRejections (node:internal/process/task_queues:105:5)
    at async <anonymous> (/home/nunya/shadowcheck/server/index.ts:293:20) {
  errno: -104,
  code: 'ECONNRESET',
  syscall: 'read'
}
[/api/v1/radio-stats] error: Error: read ECONNRESET
    at /home/nunya/shadowcheck/node_modules/pg-pool/index.js:45:11
    at process.processTicksAndRejections (node:internal/process/task_queues:105:5)
    at async <anonymous> (/home/nunya/shadowcheck/server/index.ts:399:24) {
  errno: -104,
  code: 'ECONNRESET',
  syscall: 'read'
}
[/api/v1/analytics] error: Error: read ECONNRESET
    at /home/nunya/shadowcheck/node_modules/pg-pool/index.js:45:11
    at process.processTicksAndRejections (node:internal/process/task_queues:105:5)
    at async <anonymous> (/home/nunya/shadowcheck/server/index.ts:182:20) {
  errno: -104,
  code: 'ECONNRESET',
  syscall: 'read'
}
[/api/v1/networks] error: Error: read ECONNRESET
    at /home/nunya/shadowcheck/node_modules/pg-pool/index.js:45:11
    at process.processTicksAndRejections (node:internal/process/task_queues:105:5)
    at async <anonymous> (/home/nunya/shadowcheck/server/index.ts:136:22) {
  errno: -104,
  code: 'ECONNRESET',
  syscall: 'read'
}
[Shutdown] SIGTERM signal received - starting graceful shutdown
[Shutdown] Stopping HTTP server (no new connections accepted)
[Shutdown] HTTP server closed successfully
[Shutdown] Closing database connection pool
[DB] Initiating graceful shutdown...
[Shutdown] Database connections closed successfully
[Shutdown] Graceful shutdown completed successfully
